nohup: ignoring input
Traceback (most recent call last):
  File "/anaconda3/envs/pog/lib/python3.11/site-packages/hydra/_internal/utils.py", line 220, in run_and_report
    return func()
           ^^^^^^
  File "/anaconda3/envs/pog/lib/python3.11/site-packages/hydra/_internal/utils.py", line 466, in <lambda>
    lambda: hydra.multirun(
            ^^^^^^^^^^^^^^^
  File "/anaconda3/envs/pog/lib/python3.11/site-packages/hydra/_internal/hydra.py", line 153, in multirun
    sweeper = Plugins.instance().instantiate_sweeper(
              ^^^^^^^^^^^^^^^^^^^^^^^^^^^^^^^^^^^^^^^
  File "/anaconda3/envs/pog/lib/python3.11/site-packages/hydra/core/plugins.py", line 140, in instantiate_sweeper
    sweeper.setup(
  File "/anaconda3/envs/pog/lib/python3.11/site-packages/hydra_plugins/hydra_optuna_sweeper/optuna_sweeper.py", line 47, in setup
    self.sweeper.setup(
  File "/anaconda3/envs/pog/lib/python3.11/site-packages/hydra_plugins/hydra_optuna_sweeper/_impl.py", line 223, in setup
    self.sweep_dir = config.hydra.sweep.dir
                     ^^^^^^^^^^^^^^^^^^^^^^
  File "/anaconda3/envs/pog/lib/python3.11/site-packages/omegaconf/dictconfig.py", line 359, in __getattr__
    self._format_and_raise(key=key, value=None, cause=e)
  File "/anaconda3/envs/pog/lib/python3.11/site-packages/omegaconf/base.py", line 231, in _format_and_raise
    format_and_raise(
  File "/anaconda3/envs/pog/lib/python3.11/site-packages/omegaconf/_utils.py", line 899, in format_and_raise
    _raise(ex, cause)
  File "/anaconda3/envs/pog/lib/python3.11/site-packages/omegaconf/_utils.py", line 797, in _raise
    raise ex.with_traceback(sys.exc_info()[2])  # set env var OC_CAUSE=1 for full trace
    ^^^^^^^^^^^^^^^^^^^^^^^^^^^^^^^^^^^^^^^^^^
  File "/anaconda3/envs/pog/lib/python3.11/site-packages/omegaconf/dictconfig.py", line 351, in __getattr__
    return self._get_impl(
           ^^^^^^^^^^^^^^^
  File "/anaconda3/envs/pog/lib/python3.11/site-packages/omegaconf/dictconfig.py", line 451, in _get_impl
    return self._resolve_with_default(
           ^^^^^^^^^^^^^^^^^^^^^^^^^^^
  File "/anaconda3/envs/pog/lib/python3.11/site-packages/omegaconf/basecontainer.py", line 98, in _resolve_with_default
    resolved_node = self._maybe_resolve_interpolation(
                    ^^^^^^^^^^^^^^^^^^^^^^^^^^^^^^^^^^
  File "/anaconda3/envs/pog/lib/python3.11/site-packages/omegaconf/base.py", line 719, in _maybe_resolve_interpolation
    return self._resolve_interpolation_from_parse_tree(
           ^^^^^^^^^^^^^^^^^^^^^^^^^^^^^^^^^^^^^^^^^^^^
  File "/anaconda3/envs/pog/lib/python3.11/site-packages/omegaconf/base.py", line 584, in _resolve_interpolation_from_parse_tree
    resolved = self.resolve_parse_tree(
               ^^^^^^^^^^^^^^^^^^^^^^^^
  File "/anaconda3/envs/pog/lib/python3.11/site-packages/omegaconf/base.py", line 764, in resolve_parse_tree
    return visitor.visit(parse_tree)
           ^^^^^^^^^^^^^^^^^^^^^^^^^
  File "/anaconda3/envs/pog/lib/python3.11/site-packages/antlr4/tree/Tree.py", line 34, in visit
    return tree.accept(self)
           ^^^^^^^^^^^^^^^^^
  File "/anaconda3/envs/pog/lib/python3.11/site-packages/omegaconf/grammar/gen/OmegaConfGrammarParser.py", line 206, in accept
    return visitor.visitConfigValue(self)
           ^^^^^^^^^^^^^^^^^^^^^^^^^^^^^^
  File "/anaconda3/envs/pog/lib/python3.11/site-packages/omegaconf/grammar_visitor.py", line 101, in visitConfigValue
    return self.visit(ctx.getChild(0))
           ^^^^^^^^^^^^^^^^^^^^^^^^^^^
  File "/anaconda3/envs/pog/lib/python3.11/site-packages/antlr4/tree/Tree.py", line 34, in visit
    return tree.accept(self)
           ^^^^^^^^^^^^^^^^^
  File "/anaconda3/envs/pog/lib/python3.11/site-packages/omegaconf/grammar/gen/OmegaConfGrammarParser.py", line 342, in accept
    return visitor.visitText(self)
           ^^^^^^^^^^^^^^^^^^^^^^^
  File "/anaconda3/envs/pog/lib/python3.11/site-packages/omegaconf/grammar_visitor.py", line 301, in visitText
    return self._unescape(list(ctx.getChildren()))
           ^^^^^^^^^^^^^^^^^^^^^^^^^^^^^^^^^^^^^^^
  File "/anaconda3/envs/pog/lib/python3.11/site-packages/omegaconf/grammar_visitor.py", line 389, in _unescape
    text = str(self.visitInterpolation(node))
               ^^^^^^^^^^^^^^^^^^^^^^^^^^^^^
  File "/anaconda3/envs/pog/lib/python3.11/site-packages/omegaconf/grammar_visitor.py", line 125, in visitInterpolation
    return self.visit(ctx.getChild(0))
           ^^^^^^^^^^^^^^^^^^^^^^^^^^^
  File "/anaconda3/envs/pog/lib/python3.11/site-packages/antlr4/tree/Tree.py", line 34, in visit
    return tree.accept(self)
           ^^^^^^^^^^^^^^^^^
  File "/anaconda3/envs/pog/lib/python3.11/site-packages/omegaconf/grammar/gen/OmegaConfGrammarParser.py", line 921, in accept
    return visitor.visitInterpolationNode(self)
           ^^^^^^^^^^^^^^^^^^^^^^^^^^^^^^^^^^^^
  File "/anaconda3/envs/pog/lib/python3.11/site-packages/omegaconf/grammar_visitor.py", line 158, in visitInterpolationNode
    return self.node_interpolation_callback(inter_key, self.memo)
           ^^^^^^^^^^^^^^^^^^^^^^^^^^^^^^^^^^^^^^^^^^^^^^^^^^^^^^
  File "/anaconda3/envs/pog/lib/python3.11/site-packages/omegaconf/base.py", line 745, in node_interpolation_callback
    return self._resolve_node_interpolation(inter_key=inter_key, memo=memo)
           ^^^^^^^^^^^^^^^^^^^^^^^^^^^^^^^^^^^^^^^^^^^^^^^^^^^^^^^^^^^^^^^^
  File "/anaconda3/envs/pog/lib/python3.11/site-packages/omegaconf/base.py", line 664, in _resolve_node_interpolation
    parent, last_key, value = root_node._select_impl(
                              ^^^^^^^^^^^^^^^^^^^^^^^
  File "/anaconda3/envs/pog/lib/python3.11/site-packages/omegaconf/base.py", line 531, in _select_impl
    value = root._maybe_resolve_interpolation(
            ^^^^^^^^^^^^^^^^^^^^^^^^^^^^^^^^^^
  File "/anaconda3/envs/pog/lib/python3.11/site-packages/omegaconf/base.py", line 719, in _maybe_resolve_interpolation
    return self._resolve_interpolation_from_parse_tree(
           ^^^^^^^^^^^^^^^^^^^^^^^^^^^^^^^^^^^^^^^^^^^^
  File "/anaconda3/envs/pog/lib/python3.11/site-packages/omegaconf/base.py", line 584, in _resolve_interpolation_from_parse_tree
    resolved = self.resolve_parse_tree(
               ^^^^^^^^^^^^^^^^^^^^^^^^
  File "/anaconda3/envs/pog/lib/python3.11/site-packages/omegaconf/base.py", line 764, in resolve_parse_tree
    return visitor.visit(parse_tree)
           ^^^^^^^^^^^^^^^^^^^^^^^^^
  File "/anaconda3/envs/pog/lib/python3.11/site-packages/antlr4/tree/Tree.py", line 34, in visit
    return tree.accept(self)
           ^^^^^^^^^^^^^^^^^
  File "/anaconda3/envs/pog/lib/python3.11/site-packages/omegaconf/grammar/gen/OmegaConfGrammarParser.py", line 206, in accept
    return visitor.visitConfigValue(self)
           ^^^^^^^^^^^^^^^^^^^^^^^^^^^^^^
  File "/anaconda3/envs/pog/lib/python3.11/site-packages/omegaconf/grammar_visitor.py", line 101, in visitConfigValue
    return self.visit(ctx.getChild(0))
           ^^^^^^^^^^^^^^^^^^^^^^^^^^^
  File "/anaconda3/envs/pog/lib/python3.11/site-packages/antlr4/tree/Tree.py", line 34, in visit
    return tree.accept(self)
           ^^^^^^^^^^^^^^^^^
  File "/anaconda3/envs/pog/lib/python3.11/site-packages/omegaconf/grammar/gen/OmegaConfGrammarParser.py", line 342, in accept
    return visitor.visitText(self)
           ^^^^^^^^^^^^^^^^^^^^^^^
  File "/anaconda3/envs/pog/lib/python3.11/site-packages/omegaconf/grammar_visitor.py", line 301, in visitText
    return self._unescape(list(ctx.getChildren()))
           ^^^^^^^^^^^^^^^^^^^^^^^^^^^^^^^^^^^^^^^
  File "/anaconda3/envs/pog/lib/python3.11/site-packages/omegaconf/grammar_visitor.py", line 389, in _unescape
    text = str(self.visitInterpolation(node))
               ^^^^^^^^^^^^^^^^^^^^^^^^^^^^^
  File "/anaconda3/envs/pog/lib/python3.11/site-packages/omegaconf/grammar_visitor.py", line 125, in visitInterpolation
    return self.visit(ctx.getChild(0))
           ^^^^^^^^^^^^^^^^^^^^^^^^^^^
  File "/anaconda3/envs/pog/lib/python3.11/site-packages/antlr4/tree/Tree.py", line 34, in visit
    return tree.accept(self)
           ^^^^^^^^^^^^^^^^^
  File "/anaconda3/envs/pog/lib/python3.11/site-packages/omegaconf/grammar/gen/OmegaConfGrammarParser.py", line 921, in accept
    return visitor.visitInterpolationNode(self)
           ^^^^^^^^^^^^^^^^^^^^^^^^^^^^^^^^^^^^
  File "/anaconda3/envs/pog/lib/python3.11/site-packages/omegaconf/grammar_visitor.py", line 158, in visitInterpolationNode
    return self.node_interpolation_callback(inter_key, self.memo)
           ^^^^^^^^^^^^^^^^^^^^^^^^^^^^^^^^^^^^^^^^^^^^^^^^^^^^^^
  File "/anaconda3/envs/pog/lib/python3.11/site-packages/omegaconf/base.py", line 745, in node_interpolation_callback
    return self._resolve_node_interpolation(inter_key=inter_key, memo=memo)
           ^^^^^^^^^^^^^^^^^^^^^^^^^^^^^^^^^^^^^^^^^^^^^^^^^^^^^^^^^^^^^^^^
  File "/anaconda3/envs/pog/lib/python3.11/site-packages/omegaconf/base.py", line 664, in _resolve_node_interpolation
    parent, last_key, value = root_node._select_impl(
                              ^^^^^^^^^^^^^^^^^^^^^^^
  File "/anaconda3/envs/pog/lib/python3.11/site-packages/omegaconf/base.py", line 531, in _select_impl
    value = root._maybe_resolve_interpolation(
            ^^^^^^^^^^^^^^^^^^^^^^^^^^^^^^^^^^
  File "/anaconda3/envs/pog/lib/python3.11/site-packages/omegaconf/base.py", line 719, in _maybe_resolve_interpolation
    return self._resolve_interpolation_from_parse_tree(
           ^^^^^^^^^^^^^^^^^^^^^^^^^^^^^^^^^^^^^^^^^^^^
  File "/anaconda3/envs/pog/lib/python3.11/site-packages/omegaconf/base.py", line 584, in _resolve_interpolation_from_parse_tree
    resolved = self.resolve_parse_tree(
               ^^^^^^^^^^^^^^^^^^^^^^^^
  File "/anaconda3/envs/pog/lib/python3.11/site-packages/omegaconf/base.py", line 769, in resolve_parse_tree
    raise InterpolationResolutionError(
  File "/anaconda3/envs/pog/lib/python3.11/site-packages/omegaconf/base.py", line 764, in resolve_parse_tree
    return visitor.visit(parse_tree)
           ^^^^^^^^^^^^^^^^^^^^^^^^^
  File "/anaconda3/envs/pog/lib/python3.11/site-packages/antlr4/tree/Tree.py", line 34, in visit
    return tree.accept(self)
           ^^^^^^^^^^^^^^^^^
  File "/anaconda3/envs/pog/lib/python3.11/site-packages/omegaconf/grammar/gen/OmegaConfGrammarParser.py", line 206, in accept
    return visitor.visitConfigValue(self)
           ^^^^^^^^^^^^^^^^^^^^^^^^^^^^^^
  File "/anaconda3/envs/pog/lib/python3.11/site-packages/omegaconf/grammar_visitor.py", line 101, in visitConfigValue
    return self.visit(ctx.getChild(0))
           ^^^^^^^^^^^^^^^^^^^^^^^^^^^
  File "/anaconda3/envs/pog/lib/python3.11/site-packages/antlr4/tree/Tree.py", line 34, in visit
    return tree.accept(self)
           ^^^^^^^^^^^^^^^^^
  File "/anaconda3/envs/pog/lib/python3.11/site-packages/omegaconf/grammar/gen/OmegaConfGrammarParser.py", line 342, in accept
    return visitor.visitText(self)
           ^^^^^^^^^^^^^^^^^^^^^^^
  File "/anaconda3/envs/pog/lib/python3.11/site-packages/omegaconf/grammar_visitor.py", line 298, in visitText
    return self.visitInterpolation(c)
           ^^^^^^^^^^^^^^^^^^^^^^^^^^
  File "/anaconda3/envs/pog/lib/python3.11/site-packages/omegaconf/grammar_visitor.py", line 125, in visitInterpolation
    return self.visit(ctx.getChild(0))
           ^^^^^^^^^^^^^^^^^^^^^^^^^^^
  File "/anaconda3/envs/pog/lib/python3.11/site-packages/antlr4/tree/Tree.py", line 34, in visit
    return tree.accept(self)
           ^^^^^^^^^^^^^^^^^
  File "/anaconda3/envs/pog/lib/python3.11/site-packages/omegaconf/grammar/gen/OmegaConfGrammarParser.py", line 1041, in accept
    return visitor.visitInterpolationResolver(self)
           ^^^^^^^^^^^^^^^^^^^^^^^^^^^^^^^^^^^^^^^^
  File "/anaconda3/envs/pog/lib/python3.11/site-packages/omegaconf/grammar_visitor.py", line 179, in visitInterpolationResolver
    return self.resolver_interpolation_callback(
           ^^^^^^^^^^^^^^^^^^^^^^^^^^^^^^^^^^^^^
  File "/anaconda3/envs/pog/lib/python3.11/site-packages/omegaconf/base.py", line 750, in resolver_interpolation_callback
    return self._evaluate_custom_resolver(
           ^^^^^^^^^^^^^^^^^^^^^^^^^^^^^^^
  File "/anaconda3/envs/pog/lib/python3.11/site-packages/omegaconf/base.py", line 694, in _evaluate_custom_resolver
    return resolver(
           ^^^^^^^^^
  File "/anaconda3/envs/pog/lib/python3.11/site-packages/omegaconf/omegaconf.py", line 445, in resolver_wrapper
    ret = resolver(*args, **kwargs)
          ^^^^^^^^^^^^^^^^^^^^^^^^^
  File "/anaconda3/envs/pog/lib/python3.11/site-packages/hydra/core/utils.py", line 220, in <lambda>
    lambda path: OmegaConf.select(cast(DictConfig, HydraConfig.get()), path),
                                                   ^^^^^^^^^^^^^^^^^
  File "/anaconda3/envs/pog/lib/python3.11/site-packages/hydra/core/hydra_config.py", line 31, in get
    raise ValueError("HydraConfig was not set")
omegaconf.errors.InterpolationResolutionError: ValueError raised while resolving interpolation: HydraConfig was not set
    full_key: hydra.sweep.dir
    reference_type=SweepDir
    object_type=SweepDir
actor: /mnt/wangjingxiong/EVI-RAG/src/models/components/gflownet_actor.py
module: /mnt/wangjingxiong/EVI-RAG/src/models/gflownet_module.py
